Build started 2016/4/28 20:33:35.
     1>Project "F:\BaiduYunDownload\lab&dom\class\cg\hw2\raytracer7\raytracer7.vcxproj" on node 2 (Build target(s)).
     1>ClCompile:
         C:\Program Files (x86)\Microsoft Visual Studio 12.0\VC\bin\CL.exe /c /ZI /nologo /W3 /WX- /Od /Oy- /D _CONFIGCP_Win32_20Debug /D _PRJCP_raytracer7_2Evprj /D WIN32 /D _DEBUG /D _WINDOWS /D _VC80_UPGRADE=0x0600 /Gm /EHsc /RTC1 /MTd /GS /Gy- /Zc:wchar_t /Zc:forScope /Fo".\Debug\\" /Fd".\Debug\vc120.pdb" /Gd /TP /analyze- /errorReport:prompt scene.cpp
         scene.cpp
     1>f:\baiduyundownload\lab&dom\class\cg\hw2\raytracer7\scene.cpp(30): warning C4996: 'fopen': This function or variable may be unsafe. Consider using fopen_s instead. To disable deprecation, use _CRT_SECURE_NO_WARNINGS. See online help for details.
                 c:\program files (x86)\microsoft visual studio 12.0\vc\include\stdio.h(211) : see declaration of 'fopen'
     1>f:\baiduyundownload\lab&dom\class\cg\hw2\raytracer7\scene.cpp(40): warning C4996: 'fopen': This function or variable may be unsafe. Consider using fopen_s instead. To disable deprecation, use _CRT_SECURE_NO_WARNINGS. See online help for details.
                 c:\program files (x86)\microsoft visual studio 12.0\vc\include\stdio.h(211) : see declaration of 'fopen'
     1>f:\baiduyundownload\lab&dom\class\cg\hw2\raytracer7\scene.cpp(476): warning C4996: 'fopen': This function or variable may be unsafe. Consider using fopen_s instead. To disable deprecation, use _CRT_SECURE_NO_WARNINGS. See online help for details.
                 c:\program files (x86)\microsoft visual studio 12.0\vc\include\stdio.h(211) : see declaration of 'fopen'
     1>f:\baiduyundownload\lab&dom\class\cg\hw2\raytracer7\scene.cpp(667): warning C4101: 'x' : unreferenced local variable
       Link:
         C:\Program Files (x86)\Microsoft Visual Studio 12.0\VC\bin\link.exe /ERRORREPORT:PROMPT /OUT:".\Debug\raytracer7.exe" /INCREMENTAL /NOLOGO odbc32.lib odbccp32.lib kernel32.lib user32.lib gdi32.lib winspool.lib comdlg32.lib advapi32.lib shell32.lib ole32.lib oleaut32.lib uuid.lib odbc32.lib odbccp32.lib /MANIFEST /MANIFESTUAC:"level='asInvoker' uiAccess='false'" /manifest:embed /DEBUG /PDB:".\Debug\raytracer7.pdb" /SUBSYSTEM:WINDOWS /TLBID:1 /DYNAMICBASE /NXCOMPAT /IMPLIB:".\Debug\raytracer7.lib" /MACHINE:X86 /SAFESEH .\Debug\memory.obj
         .\Debug\raytracer.obj
         .\Debug\scene.obj
         .\Debug\surface.obj
         .\Debug\testapp.obj
         .\Debug\twister.obj
     1>memory.obj : warning LNK4075: ignoring '/EDITANDCONTINUE' due to '/SAFESEH' specification
         raytracer7.vcxproj -> F:\BaiduYunDownload\lab&dom\class\cg\hw2\raytracer7\.\Debug\raytracer7.exe
     1>Done Building Project "F:\BaiduYunDownload\lab&dom\class\cg\hw2\raytracer7\raytracer7.vcxproj" (Build target(s)).

Build succeeded.

Time Elapsed 00:00:01.17
