Build started 2016/4/28 20:34:07.
     1>Project "F:\BaiduYunDownload\lab&dom\class\cg\hw2\raytracer7\raytracer7.vcxproj" on node 2 (Build target(s)).
     1>ClCompile:
         C:\Program Files (x86)\Microsoft Visual Studio 12.0\VC\bin\CL.exe /c /Zi /nologo /W3 /WX- /O2 /Oy- /D _CONFIGCP_Win32_20Release /D _PRJCP_raytracer7_2Evprj /D WIN32 /D NDEBUG /D _WINDOWS /D _VC80_UPGRADE=0x0600 /GF /Gm- /EHsc /MT /GS /Gy /Zc:wchar_t /Zc:forScope /FAs /Fa".\Release\\" /Fo".\Release\\" /Fd".\Release\vc120.pdb" /FR".\Release\\" /Gd /TP /analyze- /errorReport:prompt  -O3 -QaxW -Qipo -Qrcd -Qpc32   -O3 -QaxW -Qipo -Qrcd -Qpc32 memory.cpp raytracer.cpp scene.cpp surface.cpp testapp.cpp twister.cpp
     1>cl : Command line warning D9002: ignoring unknown option '-O3'
     1>cl : Command line warning D9002: ignoring unknown option '-QaxW'
     1>cl : Command line warning D9002: ignoring unknown option '-Qipo'
     1>cl : Command line warning D9002: ignoring unknown option '-Qrcd'
     1>cl : Command line warning D9002: ignoring unknown option '-Qpc32'
     1>cl : Command line warning D9002: ignoring unknown option '-O3'
     1>cl : Command line warning D9002: ignoring unknown option '-QaxW'
     1>cl : Command line warning D9002: ignoring unknown option '-Qipo'
     1>cl : Command line warning D9002: ignoring unknown option '-Qrcd'
     1>cl : Command line warning D9002: ignoring unknown option '-Qpc32'
         memory.cpp
         raytracer.cpp
         scene.cpp
     1>scene.cpp(30): warning C4996: 'fopen': This function or variable may be unsafe. Consider using fopen_s instead. To disable deprecation, use _CRT_SECURE_NO_WARNINGS. See online help for details.
                 C:\Program Files (x86)\Microsoft Visual Studio 12.0\VC\include\stdio.h(211) : see declaration of 'fopen'
     1>scene.cpp(40): warning C4996: 'fopen': This function or variable may be unsafe. Consider using fopen_s instead. To disable deprecation, use _CRT_SECURE_NO_WARNINGS. See online help for details.
                 C:\Program Files (x86)\Microsoft Visual Studio 12.0\VC\include\stdio.h(211) : see declaration of 'fopen'
     1>scene.cpp(476): warning C4996: 'fopen': This function or variable may be unsafe. Consider using fopen_s instead. To disable deprecation, use _CRT_SECURE_NO_WARNINGS. See online help for details.
                 C:\Program Files (x86)\Microsoft Visual Studio 12.0\VC\include\stdio.h(211) : see declaration of 'fopen'
     1>scene.cpp(667): warning C4101: 'x' : unreferenced local variable
         surface.cpp
     1>surface.cpp(58): warning C4996: 'strcpy': This function or variable may be unsafe. Consider using strcpy_s instead. To disable deprecation, use _CRT_SECURE_NO_WARNINGS. See online help for details.
                 C:\Program Files (x86)\Microsoft Visual Studio 12.0\VC\include\string.h(112) : see declaration of 'strcpy'
     1>surface.cpp(59): warning C4996: 'strcpy': This function or variable may be unsafe. Consider using strcpy_s instead. To disable deprecation, use _CRT_SECURE_NO_WARNINGS. See online help for details.
                 C:\Program Files (x86)\Microsoft Visual Studio 12.0\VC\include\string.h(112) : see declaration of 'strcpy'
     1>surface.cpp(60): warning C4996: 'strcpy': This function or variable may be unsafe. Consider using strcpy_s instead. To disable deprecation, use _CRT_SECURE_NO_WARNINGS. See online help for details.
                 C:\Program Files (x86)\Microsoft Visual Studio 12.0\VC\include\string.h(112) : see declaration of 'strcpy'
     1>surface.cpp(61): warning C4996: 'strcpy': This function or variable may be unsafe. Consider using strcpy_s instead. To disable deprecation, use _CRT_SECURE_NO_WARNINGS. See online help for details.
                 C:\Program Files (x86)\Microsoft Visual Studio 12.0\VC\include\string.h(112) : see declaration of 'strcpy'
     1>surface.cpp(62): warning C4996: 'strcpy': This function or variable may be unsafe. Consider using strcpy_s instead. To disable deprecation, use _CRT_SECURE_NO_WARNINGS. See online help for details.
                 C:\Program Files (x86)\Microsoft Visual Studio 12.0\VC\include\string.h(112) : see declaration of 'strcpy'
         testapp.cpp
     1>testapp.cpp(124): warning C4996: 'strcpy': This function or variable may be unsafe. Consider using strcpy_s instead. To disable deprecation, use _CRT_SECURE_NO_WARNINGS. See online help for details.
                 C:\Program Files (x86)\Microsoft Visual Studio 12.0\VC\include\string.h(112) : see declaration of 'strcpy'
     1>testapp.cpp(131): warning C4996: 'strcpy': This function or variable may be unsafe. Consider using strcpy_s instead. To disable deprecation, use _CRT_SECURE_NO_WARNINGS. See online help for details.
                 C:\Program Files (x86)\Microsoft Visual Studio 12.0\VC\include\string.h(112) : see declaration of 'strcpy'
     1>testapp.cpp(137): warning C4996: 'strcpy': This function or variable may be unsafe. Consider using strcpy_s instead. To disable deprecation, use _CRT_SECURE_NO_WARNINGS. See online help for details.
                 C:\Program Files (x86)\Microsoft Visual Studio 12.0\VC\include\string.h(112) : see declaration of 'strcpy'
         twister.cpp
         Generating Code...
       Link:
         C:\Program Files (x86)\Microsoft Visual Studio 12.0\VC\bin\link.exe /ERRORREPORT:PROMPT /OUT:".\Release\raytracer7.exe" /INCREMENTAL:NO /NOLOGO odbc32.lib odbccp32.lib kernel32.lib user32.lib gdi32.lib winspool.lib comdlg32.lib advapi32.lib shell32.lib ole32.lib oleaut32.lib uuid.lib odbc32.lib odbccp32.lib /MANIFEST /MANIFESTUAC:"level='asInvoker' uiAccess='false'" /manifest:embed /DEBUG /PDB:".\Release\raytracer7.pdb" /SUBSYSTEM:WINDOWS /TLBID:1 /DYNAMICBASE /NXCOMPAT /IMPLIB:".\Release\raytracer7.lib" /MACHINE:X86 /SAFESEH .\Release\memory.obj
         .\Release\raytracer.obj
         .\Release\scene.obj
         .\Release\surface.obj
         .\Release\testapp.obj
         .\Release\twister.obj
         raytracer7.vcxproj -> F:\BaiduYunDownload\lab&dom\class\cg\hw2\raytracer7\.\Release\raytracer7.exe
       BscMake:
         C:\Program Files (x86)\Microsoft Visual Studio 12.0\VC\bin\bscmake.exe /nologo /o".\Release\raytracer7.bsc" .\Release\memory.sbr .\Release\raytracer.sbr .\Release\scene.sbr .\Release\surface.sbr .\Release\testapp.sbr .\Release\twister.sbr
     1>Done Building Project "F:\BaiduYunDownload\lab&dom\class\cg\hw2\raytracer7\raytracer7.vcxproj" (Build target(s)).

Build succeeded.

Time Elapsed 00:00:03.30
